18:39:44: Creating resource group General
18:39:44: Creating resource group Internal
18:39:44: Creating resource group Autodetect
18:39:44: Registering ResourceManager for type Mesh
18:39:44: Registering ResourceManager for type Material
18:39:44: Registering ResourceManager for type Skeleton
18:39:49: XMLMeshSerializer reading mesh data from 366_1_1.mesh.xml...
18:39:53: Reading geometry...
18:39:58: Geometry done...
18:39:58: Reading submeshes...
18:39:58: Submeshes done.
18:39:58: Reading mesh names...
18:39:58: Mesh names done.
18:39:58: XMLMeshSerializer import successful.
18:39:59: MeshSerializer writing mesh data to stream ...
18:39:59: File header written.
18:39:59: Writing mesh data...
18:39:59: Writing submesh...
18:39:59: Exporting submesh texture aliases...
18:39:59: Submesh texture aliases exported.
18:39:59: Submesh exported.
18:39:59: Writing submesh...
18:39:59: Exporting submesh texture aliases...
18:39:59: Submesh texture aliases exported.
18:39:59: Submesh exported.
18:39:59: Writing submesh...
18:39:59: Exporting submesh texture aliases...
18:39:59: Submesh texture aliases exported.
18:39:59: Submesh exported.
18:39:59: Writing submesh...
18:39:59: Exporting submesh texture aliases...
18:39:59: Submesh texture aliases exported.
18:39:59: Submesh exported.
18:39:59: Writing submesh...
18:39:59: Exporting submesh texture aliases...
18:39:59: Submesh texture aliases exported.
18:39:59: Submesh exported.
18:39:59: Writing submesh...
18:39:59: Exporting submesh texture aliases...
18:39:59: Submesh texture aliases exported.
18:39:59: Submesh exported.
18:39:59: Writing submesh...
18:39:59: Exporting submesh texture aliases...
18:39:59: Submesh texture aliases exported.
18:39:59: Submesh exported.
18:39:59: Writing submesh...
18:39:59: Exporting submesh texture aliases...
18:39:59: Submesh texture aliases exported.
18:39:59: Submesh exported.
18:39:59: Writing submesh...
18:39:59: Exporting submesh texture aliases...
18:39:59: Submesh texture aliases exported.
18:39:59: Submesh exported.
18:39:59: Writing submesh...
18:39:59: Exporting submesh texture aliases...
18:39:59: Submesh texture aliases exported.
18:39:59: Submesh exported.
18:39:59: Writing submesh...
18:39:59: Exporting submesh texture aliases...
18:39:59: Submesh texture aliases exported.
18:39:59: Submesh exported.
18:39:59: Writing submesh...
18:39:59: Exporting submesh texture aliases...
18:39:59: Submesh texture aliases exported.
18:39:59: Submesh exported.
18:39:59: Exporting bounds information....
18:39:59: Bounds information exported.
18:39:59: Exporting submesh name table...
18:39:59: Submesh name table exported.
18:39:59: Mesh data exported.
18:39:59: MeshSerializer export successful.
18:39:59: Unregistering ResourceManager for type Skeleton
18:39:59: Unregistering ResourceManager for type Material
18:39:59: Unregistering ResourceManager for type Mesh
